<?xml version="1.0" encoding="UTF-8"?>
<testsuite name="com.erickcg.Parcial2.Parcial2ApplicationTests" tests="1" skipped="0" failures="0" errors="0" timestamp="2023-06-26T02:05:52" hostname="DESKTOP-A93M26I" time="1.219">
  <properties/>
  <testcase name="contextLoads()" classname="com.erickcg.Parcial2.Parcial2ApplicationTests" time="1.219"/>
  <system-out><![CDATA[20:05:39.535 [Test worker] INFO org.springframework.test.context.support.AnnotationConfigContextLoaderUtils -- Could not detect default configuration classes for test class [com.erickcg.Parcial2.Parcial2ApplicationTests]: Parcial2ApplicationTests does not declare any static, non-private, non-final, nested classes annotated with @Configuration.
20:05:39.832 [Test worker] INFO org.springframework.boot.test.context.SpringBootTestContextBootstrapper -- Found @SpringBootConfiguration com.erickcg.Parcial2.Parcial2Application for test class com.erickcg.Parcial2.Parcial2ApplicationTests

  .   ____          _            __ _ _
 /\\ / ___'_ __ _ _(_)_ __  __ _ \ \ \ \
( ( )\___ | '_ | '_| | '_ \/ _` | \ \ \ \
 \\/  ___)| |_)| | | | | || (_| |  ) ) ) )
  '  |____| .__|_| |_|_| |_\__, | / / / /
 =========|_|==============|___/=/_/_/_/
 :: Spring Boot ::                (v3.1.1)

2023-06-25T20:05:40.889-06:00  INFO 2388 --- [    Test worker] c.e.Parcial2.Parcial2ApplicationTests    : Starting Parcial2ApplicationTests using Java 17 with PID 2388 (started by Oscar Carpio in C:\Users\Oscar Carpio\Desktop\heroku\Parcial-2)
2023-06-25T20:05:40.889-06:00  INFO 2388 --- [    Test worker] c.e.Parcial2.Parcial2ApplicationTests    : No active profile set, falling back to 1 default profile: "default"
2023-06-25T20:05:42.893-06:00  INFO 2388 --- [    Test worker] .s.d.r.c.RepositoryConfigurationDelegate : Bootstrapping Spring Data JPA repositories in DEFAULT mode.
2023-06-25T20:05:43.070-06:00  INFO 2388 --- [    Test worker] .s.d.r.c.RepositoryConfigurationDelegate : Finished Spring Data repository scanning in 162 ms. Found 5 JPA repository interfaces.
2023-06-25T20:05:44.197-06:00  INFO 2388 --- [    Test worker] com.zaxxer.hikari.HikariDataSource       : HikariPool-1 - Starting...
2023-06-25T20:05:45.929-06:00  INFO 2388 --- [    Test worker] com.zaxxer.hikari.pool.HikariPool        : HikariPool-1 - Added connection org.postgresql.jdbc.PgConnection@2db86a7c
2023-06-25T20:05:45.929-06:00  INFO 2388 --- [    Test worker] com.zaxxer.hikari.HikariDataSource       : HikariPool-1 - Start completed.
2023-06-25T20:05:46.031-06:00  INFO 2388 --- [    Test worker] o.hibernate.jpa.internal.util.LogHelper  : HHH000204: Processing PersistenceUnitInfo [name: default]
2023-06-25T20:05:46.192-06:00  INFO 2388 --- [    Test worker] org.hibernate.Version                    : HHH000412: Hibernate ORM core version 6.2.5.Final
2023-06-25T20:05:46.208-06:00  INFO 2388 --- [    Test worker] org.hibernate.cfg.Environment            : HHH000406: Using bytecode reflection optimizer
2023-06-25T20:05:46.637-06:00  INFO 2388 --- [    Test worker] o.h.b.i.BytecodeProviderInitiator        : HHH000021: Bytecode provider name : bytebuddy
2023-06-25T20:05:46.997-06:00  INFO 2388 --- [    Test worker] o.s.o.j.p.SpringPersistenceUnitInfo      : No LoadTimeWeaver setup: ignoring JPA class transformer
2023-06-25T20:05:48.155-06:00  INFO 2388 --- [    Test worker] o.h.b.i.BytecodeProviderInitiator        : HHH000021: Bytecode provider name : bytebuddy
2023-06-25T20:05:49.755-06:00  INFO 2388 --- [    Test worker] o.h.e.t.j.p.i.JtaPlatformInitiator       : HHH000490: Using JtaPlatform implementation: [org.hibernate.engine.transaction.jta.platform.internal.NoJtaPlatform]
2023-06-25T20:05:49.755-06:00  INFO 2388 --- [    Test worker] j.LocalContainerEntityManagerFactoryBean : Initialized JPA EntityManagerFactory for persistence unit 'default'
2023-06-25T20:05:50.998-06:00  WARN 2388 --- [    Test worker] JpaBaseConfiguration$JpaWebConfiguration : spring.jpa.open-in-view is enabled by default. Therefore, database queries may be performed during view rendering. Explicitly configure spring.jpa.open-in-view to disable this warning
2023-06-25T20:05:51.782-06:00  INFO 2388 --- [    Test worker] o.s.s.web.DefaultSecurityFilterChain     : Will secure any request with [org.springframework.security.web.session.DisableEncodeUrlFilter@3f2feab7, org.springframework.security.web.context.request.async.WebAsyncManagerIntegrationFilter@8b71052, org.springframework.security.web.context.SecurityContextHolderFilter@7daf167, org.springframework.security.web.header.HeaderWriterFilter@44846c76, org.springframework.security.web.authentication.logout.LogoutFilter@1f4fa465, com.erickcg.Parcial2.models.entities.JWTTokenFIlter@6a4d57b7, org.springframework.security.web.authentication.www.BasicAuthenticationFilter@41ae9f11, org.springframework.security.web.savedrequest.RequestCacheAwareFilter@735b1ad2, org.springframework.security.web.servletapi.SecurityContextHolderAwareRequestFilter@456c53a, org.springframework.security.web.authentication.AnonymousAuthenticationFilter@2738a1fc, org.springframework.security.web.session.SessionManagementFilter@2da8ed80, org.springframework.security.web.access.ExceptionTranslationFilter@5cf39df6, org.springframework.security.web.access.intercept.AuthorizationFilter@5d3d5242]
2023-06-25T20:05:52.582-06:00  INFO 2388 --- [    Test worker] c.e.Parcial2.Parcial2ApplicationTests    : Started Parcial2ApplicationTests in 12.315 seconds (process running for 15.399)
]]></system-out>
  <system-err><![CDATA[]]></system-err>
</testsuite>
